<?xml version="1.0" encoding="UTF-8"?>
<testsuites name="LoginSuite" time="48.179" tests="1" failures="0" errors="0">
   <testsuite name="LoginSuite" tests="1" failures="0" errors="0" time="48.179" skipped="0" timestamp="29-05-2024T12:10:56" hostname="richard - localhost" id="Test Suites/LoginSuite">
      <properties>
         <property name="deviceName" value=""/>
         <property name="devicePlatform"/>
         <property name="logFolder" value="/Users/richard/git/PruebaKatalon/Reports/20240529_121018/LoginSuite/20240529_121052"/>
         <property name="logFiles" value="/Users/richard/git/PruebaKatalon/Reports/20240529_121018/LoginSuite/20240529_121052/execution0.log"/>
         <property name="attachments" value=""/>
         <property name="hostName" value="richard - localhost"/>
         <property name="os" value="Mac OS X 64bit"/>
         <property name="katalonVersion" value="9.5.0.217"/>
         <property name="browser" value="Chrome 125.0.0.0"/>
         <property name="hostAddress" value="127.0.0.1"/>
         <property name="sessionId" value="154c597493fe294b071618786d3cac6d"/>
         <property name="seleniumVersion" value="3.141.59"/>
         <property name="proxyInformation" value="ProxyInformation { proxyOption=NO_PROXY, proxyServerType=HTTP, username=, password=********, proxyServerAddress=, proxyServerPort=0, executionList=&quot;&quot;, isApplyToDesiredCapabilities=true }"/>
         <property name="platform" value="Mac OS X"/>
      </properties>
      <testcase name="Test Cases/Login" time="47.92" classname="Test Cases/Login" status="PASSED">
         <system-out><![CDATA[29-05-2024T12:10:56 - [TEST_CASE][PASSED] - Test Cases/Login: Test Cases/Login

29-05-2024T12:10:57 - [TEST_STEP][PASSED] - openBrowser("https://opensource-demo.orangehrmlive.com/web/index.php/auth/login"): Browser is opened with url: 'https://opensource-demo.orangehrmlive.com/web/index.php/auth/login'

29-05-2024T12:10:57 - [MESSAGE][INFO] - Starting 'Chrome' driver

29-05-2024T12:10:57 - [MESSAGE][INFO] - Action delay is set to 0 milliseconds

29-05-2024T12:11:21 - [MESSAGE][PASSED] - Browser is opened with url: 'https://opensource-demo.orangehrmlive.com/web/index.php/auth/login'

29-05-2024T12:11:21 - [TEST_STEP][PASSED] - setText(findTestObject("userInput"), "Admin"): Text 'Admin' is set on object 'Object Repository/userInput'

29-05-2024T12:11:29 - [MESSAGE][PASSED] - Text 'Admin' is set on object 'Object Repository/userInput'

29-05-2024T12:11:29 - [TEST_STEP][PASSED] - setText(findTestObject("passwordInput"), "admin123"): Text 'admin123' is set on object 'Object Repository/passwordInput'

29-05-2024T12:11:30 - [MESSAGE][PASSED] - Text 'admin123' is set on object 'Object Repository/passwordInput'

29-05-2024T12:11:30 - [TEST_STEP][PASSED] - click(findTestObject("loginbutton")): Object: 'Object Repository/loginbutton' is clicked on

29-05-2024T12:11:30 - [MESSAGE][PASSED] - Object: 'Object Repository/loginbutton' is clicked on

29-05-2024T12:11:30 - [TEST_STEP][PASSED] - verifyElementVisible(findTestObject("dashboardTitle")): Object 'Object Repository/dashboardTitle' is visible

29-05-2024T12:11:44 - [MESSAGE][PASSED] - Object 'Object Repository/dashboardTitle' is visible

29-05-2024T12:11:44 - [TEST_STEP][PASSED] - closeBrowser(): Browser is closed

29-05-2024T12:11:44 - [MESSAGE][PASSED] - Browser is closed]]></system-out>
         <system-err><![CDATA[]]></system-err>
      </testcase>
      <system-out><![CDATA[29-05-2024T12:10:56 - [TEST_SUITE][PASSED] - LoginSuite: Test Cases/Login]]></system-out>
      <system-err><![CDATA[]]></system-err>
   </testsuite>
</testsuites>
