<?xml version="1.0" encoding="UTF-8"?>
<testsuites name="LoginSuite" time="17.921" tests="1" failures="0" errors="0">
   <testsuite name="LoginSuite" tests="1" failures="0" errors="0" time="17.921" skipped="0" timestamp="30-05-2024T12:46:40" hostname="richard - localhost" id="Test Suites/LoginSuite">
      <properties>
         <property name="deviceName" value=""/>
         <property name="devicePlatform" value=""/>
         <property name="logFolder" value="/Users/richard/git/PruebaKatalon/Reports/20240530_124638/LoginSuite/20240530_124638"/>
         <property name="logFiles" value="/Users/richard/git/PruebaKatalon/Reports/20240530_124638/LoginSuite/20240530_124638/execution0.log"/>
         <property name="attachments" value="keyes/keyes-ImagenTest.png"/>
         <property name="hostName" value="richard - localhost"/>
         <property name="os" value="Mac OS X 64bit"/>
         <property name="katalonVersion" value="9.4.0.212"/>
         <property name="browser" value="Chrome 125.0.0.0"/>
         <property name="hostAddress" value="127.0.0.1"/>
         <property name="sessionId" value="ab5bafb5364c13424934990230350c68"/>
         <property name="seleniumVersion" value="3.141.59"/>
         <property name="proxyInformation" value="ProxyInformation { proxyOption=NO_PROXY, proxyServerType=HTTP, username=, password=********, proxyServerAddress=, proxyServerPort=0, executionList=&quot;&quot;, isApplyToDesiredCapabilities=true }"/>
         <property name="platform" value="Mac OS X"/>
      </properties>
      <testcase name="Test Cases/Login" time="17.828" classname="Test Cases/Login" status="PASSED">
         <system-out><![CDATA[30-05-2024T12:46:40 - [TEST_CASE][PASSED] - Test Cases/Login: Test Cases/Login

30-05-2024T12:46:40 - [TEST_STEP][PASSED] - openBrowser("https://opensource-demo.orangehrmlive.com/web/index.php/auth/login"): Browser is opened with url: 'https://opensource-demo.orangehrmlive.com/web/index.php/auth/login'

30-05-2024T12:46:41 - [MESSAGE][INFO] - Starting 'Chrome' driver

30-05-2024T12:46:41 - [MESSAGE][INFO] - Action delay is set to 0 milliseconds

30-05-2024T12:46:51 - [MESSAGE][PASSED] - Browser is opened with url: 'https://opensource-demo.orangehrmlive.com/web/index.php/auth/login'

30-05-2024T12:46:51 - [TEST_STEP][PASSED] - setText(findTestObject("userInput"), "Admin"): Text 'Admin' is set on object 'Object Repository/userInput'

30-05-2024T12:46:53 - [MESSAGE][PASSED] - Text 'Admin' is set on object 'Object Repository/userInput'

30-05-2024T12:46:53 - [TEST_STEP][PASSED] - setText(findTestObject("passwordInput"), "admin123"): Text 'admin123' is set on object 'Object Repository/passwordInput'

30-05-2024T12:46:53 - [MESSAGE][PASSED] - Text 'admin123' is set on object 'Object Repository/passwordInput'

30-05-2024T12:46:53 - [TEST_STEP][PASSED] - click(findTestObject("loginbutton")): Object: 'Object Repository/loginbutton' is clicked on

30-05-2024T12:46:55 - [MESSAGE][PASSED] - Object: 'Object Repository/loginbutton' is clicked on

30-05-2024T12:46:55 - [TEST_STEP][PASSED] - verifyElementVisible(findTestObject("dashboardTitle")): Object 'Object Repository/dashboardTitle' is visible

30-05-2024T12:46:57 - [MESSAGE][PASSED] - Object 'Object Repository/dashboardTitle' is visible

30-05-2024T12:46:57 - [TEST_STEP][PASSED] - takeScreenshotAsCheckpoint("ImagenTest"): Taking screenshot successfully

30-05-2024T12:46:58 - [MESSAGE][INFO] - 0 hidden object(s)

30-05-2024T12:46:58 - [MESSAGE][PASSED] - Taking screenshot successfully
[[ATTACHMENT|keyes/keyes-ImagenTest.png]]

30-05-2024T12:46:58 - [TEST_STEP][PASSED] - closeBrowser(): Browser is closed

30-05-2024T12:46:58 - [MESSAGE][PASSED] - Browser is closed]]></system-out>
         <system-err><![CDATA[]]></system-err>
      </testcase>
      <system-out><![CDATA[30-05-2024T12:46:40 - [TEST_SUITE][PASSED] - LoginSuite: Test Cases/Login]]></system-out>
      <system-err><![CDATA[]]></system-err>
   </testsuite>
</testsuites>
